[+] Loading gcc  11.3.0  ... 
[+] Loading HDF5  1.12.2 
[+] Loading netcdf  4.9.0 
[-] Unloading gcc  11.3.0  ... 
[+] Loading gcc  11.3.0  ... 
[+] Loading openmpi/4.1.3/gcc-11.3.0  ... 
[+] Loading pandoc  2.18  on cn4249 
[+] Loading TeX 2024 
[+] Loading pcre2  10.40 
[+] Loading libtiff libraries v4.6.0  ... 
[+] Loading R 4.5.0 
[INFO] Please allocate lscratch for batch/sinteractive R jobs
	Command being timed: "Rscript tmp_old_p01m.R"
	User time (seconds): 5999.12
	System time (seconds): 5.37
	Percent of CPU this job got: 99%
	Elapsed (wall clock) time (h:mm:ss or m:ss): 1:40:25
	Average shared text size (kbytes): 0
	Average unshared data size (kbytes): 0
	Average stack size (kbytes): 0
	Average total size (kbytes): 0
	Maximum resident set size (kbytes): 4115952
	Average resident set size (kbytes): 0
	Major (requiring I/O) page faults: 10
	Minor (reclaiming a frame) page faults: 411917
	Voluntary context switches: 536
	Involuntary context switches: 1619
	Swaps: 0
	File system inputs: 904
	File system outputs: 32
	Socket messages sent: 0
	Socket messages received: 0
	Signals delivered: 0
	Page size (bytes): 4096
	Exit status: 0
[INFO] Please allocate lscratch for batch/sinteractive R jobs
	Command being timed: "Rscript tmp_new_p01m.R"
	User time (seconds): 13810.18
	System time (seconds): 25.07
	Percent of CPU this job got: 1128%
	Elapsed (wall clock) time (h:mm:ss or m:ss): 20:25.84
	Average shared text size (kbytes): 0
	Average unshared data size (kbytes): 0
	Average stack size (kbytes): 0
	Average total size (kbytes): 0
	Maximum resident set size (kbytes): 44462868
	Average resident set size (kbytes): 0
	Major (requiring I/O) page faults: 3
	Minor (reclaiming a frame) page faults: 3238879
	Voluntary context switches: 8103
	Involuntary context switches: 3284552
	Swaps: 0
	File system inputs: 5888
	File system outputs: 32
	Socket messages sent: 0
	Socket messages received: 0
	Signals delivered: 0
	Page size (bytes): 4096
	Exit status: 0
[INFO] Please allocate lscratch for batch/sinteractive R jobs
	Command being timed: "Rscript tmp_old_p1m.R"
	User time (seconds): 59527.55
	System time (seconds): 54.54
	Percent of CPU this job got: 99%
	Elapsed (wall clock) time (h:mm:ss or m:ss): 16:36:06
	Average shared text size (kbytes): 0
	Average unshared data size (kbytes): 0
	Average stack size (kbytes): 0
	Average total size (kbytes): 0
	Maximum resident set size (kbytes): 40672292
	Average resident set size (kbytes): 0
	Major (requiring I/O) page faults: 0
	Minor (reclaiming a frame) page faults: 15471160
	Voluntary context switches: 672
	Involuntary context switches: 15196
	Swaps: 0
	File system inputs: 0
	File system outputs: 32
	Socket messages sent: 0
	Socket messages received: 0
	Signals delivered: 0
	Page size (bytes): 4096
	Exit status: 0
[INFO] Please allocate lscratch for batch/sinteractive R jobs
	Command being timed: "Rscript tmp_new_p1m.R"
	User time (seconds): 220326.93
	System time (seconds): 53.57
	Percent of CPU this job got: 1181%
	Elapsed (wall clock) time (h:mm:ss or m:ss): 5:10:49
	Average shared text size (kbytes): 0
	Average unshared data size (kbytes): 0
	Average stack size (kbytes): 0
	Average total size (kbytes): 0
	Maximum resident set size (kbytes): 62009180
	Average resident set size (kbytes): 0
	Major (requiring I/O) page faults: 98
	Minor (reclaiming a frame) page faults: 11876582
	Voluntary context switches: 5828
	Involuntary context switches: 54985309
	Swaps: 0
	File system inputs: 33152
	File system outputs: 32
	Socket messages sent: 0
	Socket messages received: 0
	Signals delivered: 0
	Page size (bytes): 4096
	Exit status: 0
