[1] 2
[1] "n = 1"
   user  system elapsed 
 44.738   0.378  45.333 
   user  system elapsed 
 22.171   0.091  22.396 
[1] "n = 10"
   user  system elapsed 
 44.375   0.264  44.828 
   user  system elapsed 
 30.109   0.234  30.507 
[1] "n = 100"
   user  system elapsed 
 98.871   0.166  99.423 
   user  system elapsed 
111.439   0.378  76.447 
[1] "n = 1000"
   user  system elapsed 
536.426   0.454 538.981 
    user   system  elapsed 
1059.646    2.460  549.391 
[1] "n = 10000"
    user   system  elapsed 
4933.873   45.554 4999.317 
     user    system   elapsed 
10342.189   190.664  5344.484 
[1] "n = 100000"
     user    system   elapsed 
50265.060  3047.557 53531.807 
     user    system   elapsed 
98307.265  3574.564 51537.877 
