[1] 24
[1] "n = 1"
   user  system elapsed 
 27.960   0.245  28.291 
   user  system elapsed 
 15.524   0.119  15.676 
[1] "n = 10"
   user  system elapsed 
 30.310   0.406  30.787 
   user  system elapsed 
 19.492   0.205  19.717 
[1] "n = 100"
   user  system elapsed 
 64.658   0.073  64.877 
   user  system elapsed 
 51.089   0.221  39.100 
[1] "n = 1000"
   user  system elapsed 
375.386   0.222 376.475 
   user  system elapsed 
523.667   1.144  72.748 
[1] "n = 10000"
    user   system  elapsed 
3789.960    1.465 3805.257 
    user   system  elapsed 
7246.047   14.404  362.679 
[1] "n = 100000"
     user    system   elapsed 
33074.192    23.677 33205.887 
     user    system   elapsed 
71557.801   248.729  3121.855 
