[1] 24
[1] "n = 1"
   user  system elapsed 
 27.778   0.228  28.133 
   user  system elapsed 
 15.119   0.028  14.685 
[1] "n = 10"
   user  system elapsed 
 30.741   0.104  30.927 
   user  system elapsed 
 19.396   0.113  19.450 
[1] "n = 100"
   user  system elapsed 
 64.389   0.017  64.555 
   user  system elapsed 
 49.500   0.146  37.487 
[1] "n = 1000"
   user  system elapsed 
368.535   0.212 369.685 
   user  system elapsed 
473.599   0.847  53.032 
[1] "n = 10000"
    user   system  elapsed 
3309.372    0.932 3318.240 
    user   system  elapsed 
7236.373    2.474  338.498 
[1] "n = 100000"
     user    system   elapsed 
32750.124    13.662 32835.151 
     user    system   elapsed 
73382.741     6.303  3162.547 
