[+] Loading gcc  11.3.0  ... 
[+] Loading HDF5  1.12.2 
[+] Loading netcdf  4.9.0 
[-] Unloading gcc  11.3.0  ... 
[+] Loading gcc  11.3.0  ... 
[+] Loading openmpi/4.1.3/gcc-11.3.0  ... 
[+] Loading pandoc  2.18  on cn0105 
[+] Loading TeX 2024 
[+] Loading pcre2  10.40 
[+] Loading libtiff libraries v4.6.0  ... 
[+] Loading R 4.5.0 
[INFO] Please allocate lscratch for batch/sinteractive R jobs
	Command being timed: "Rscript tmp_new_m.R"
	User time (seconds): 744557.10
	System time (seconds): 70.23
	Percent of CPU this job got: 2334%
	Elapsed (wall clock) time (h:mm:ss or m:ss): 8:51:31
	Average shared text size (kbytes): 0
	Average unshared data size (kbytes): 0
	Average stack size (kbytes): 0
	Average total size (kbytes): 0
	Maximum resident set size (kbytes): 302683728
	Average resident set size (kbytes): 0
	Major (requiring I/O) page faults: 11
	Minor (reclaiming a frame) page faults: 27314584
	Voluntary context switches: 28498
	Involuntary context switches: 175633841
	Swaps: 0
	File system inputs: 2840
	File system outputs: 24
	Socket messages sent: 0
	Socket messages received: 0
	Signals delivered: 0
	Page size (bytes): 4096
	Exit status: 0
