[+] Loading gcc  11.3.0  ... 
[+] Loading HDF5  1.12.2 
[+] Loading netcdf  4.9.0 
[-] Unloading gcc  11.3.0  ... 
[+] Loading gcc  11.3.0  ... 
[+] Loading openmpi/4.1.3/gcc-11.3.0  ... 
[+] Loading pandoc  2.18  on cn0119 
[+] Loading TeX 2024 
[+] Loading pcre2  10.40 
[+] Loading libtiff libraries v4.6.0  ... 
[+] Loading R 4.5.0 
[INFO] Please allocate lscratch for batch/sinteractive R jobs
	Command being timed: "Rscript tmp_new_m.R"
	User time (seconds): 895279.81
	System time (seconds): 12070.94
	Percent of CPU this job got: 392%
	Elapsed (wall clock) time (h:mm:ss or m:ss): 64:15:44
	Average shared text size (kbytes): 0
	Average unshared data size (kbytes): 0
	Average stack size (kbytes): 0
	Average total size (kbytes): 0
	Maximum resident set size (kbytes): 302683520
	Average resident set size (kbytes): 0
	Major (requiring I/O) page faults: 1
	Minor (reclaiming a frame) page faults: 12929093033
	Voluntary context switches: 2186590
	Involuntary context switches: 225451000
	Swaps: 0
	File system inputs: 888
	File system outputs: 32
	Socket messages sent: 0
	Socket messages received: 0
	Signals delivered: 0
	Page size (bytes): 4096
	Exit status: 0
