[1] 4
[1] "n = 1"
   user  system elapsed 
 27.279   0.209  27.623 
   user  system elapsed 
 14.452   0.020  14.490 
[1] "n = 10"
   user  system elapsed 
 30.554   0.074  30.708 
   user  system elapsed 
 19.305   0.086  19.436 
[1] "n = 100"
   user  system elapsed 
 63.973   0.045  64.207 
   user  system elapsed 
 49.133   0.140  37.192 
[1] "n = 1000"
   user  system elapsed 
361.944   0.189 363.186 
   user  system elapsed 
658.430   0.360 182.864 
[1] "n = 10000"
    user   system  elapsed 
3320.564    0.832 3332.149 
    user   system  elapsed 
6517.871    2.013 1659.425 
[1] "n = 100000"
     user    system   elapsed 
32727.569    15.356 32818.942 
     user    system   elapsed 
64459.957     6.382 16226.338 
