[+] Loading gcc  11.3.0  ... 
[+] Loading HDF5  1.12.2 
[+] Loading netcdf  4.9.0 
[-] Unloading gcc  11.3.0  ... 
[+] Loading gcc  11.3.0  ... 
[+] Loading openmpi/4.1.3/gcc-11.3.0  ... 
[+] Loading pandoc  2.18  on cn4259 
[+] Loading TeX 2024 
[+] Loading pcre2  10.40 
[+] Loading libtiff libraries v4.6.0  ... 
[+] Loading R 4.5.0 
[INFO] Please allocate lscratch for batch/sinteractive R jobs
	Command being timed: "Rscript tmp_old_p01m.R"
	User time (seconds): 6023.54
	System time (seconds): 2.78
	Percent of CPU this job got: 99%
	Elapsed (wall clock) time (h:mm:ss or m:ss): 1:40:45
	Average shared text size (kbytes): 0
	Average unshared data size (kbytes): 0
	Average stack size (kbytes): 0
	Average total size (kbytes): 0
	Maximum resident set size (kbytes): 4115916
	Average resident set size (kbytes): 0
	Major (requiring I/O) page faults: 6
	Minor (reclaiming a frame) page faults: 386593
	Voluntary context switches: 634
	Involuntary context switches: 1623
	Swaps: 0
	File system inputs: 1880
	File system outputs: 24
	Socket messages sent: 0
	Socket messages received: 0
	Signals delivered: 0
	Page size (bytes): 4096
	Exit status: 0
[INFO] Please allocate lscratch for batch/sinteractive R jobs
	Command being timed: "Rscript tmp_new_p01m.R"
	User time (seconds): 14187.68
	System time (seconds): 336.84
	Percent of CPU this job got: 387%
	Elapsed (wall clock) time (h:mm:ss or m:ss): 1:02:30
	Average shared text size (kbytes): 0
	Average unshared data size (kbytes): 0
	Average stack size (kbytes): 0
	Average total size (kbytes): 0
	Maximum resident set size (kbytes): 44170416
	Average resident set size (kbytes): 0
	Major (requiring I/O) page faults: 1
	Minor (reclaiming a frame) page faults: 190830363
	Voluntary context switches: 8776
	Involuntary context switches: 3593288
	Swaps: 0
	File system inputs: 920
	File system outputs: 40
	Socket messages sent: 0
	Socket messages received: 0
	Signals delivered: 0
	Page size (bytes): 4096
	Exit status: 0
[INFO] Please allocate lscratch for batch/sinteractive R jobs
	Command being timed: "Rscript tmp_old_p1m.R"
	User time (seconds): 60610.01
	System time (seconds): 1260.70
	Percent of CPU this job got: 99%
	Elapsed (wall clock) time (h:mm:ss or m:ss): 17:14:50
	Average shared text size (kbytes): 0
	Average unshared data size (kbytes): 0
	Average stack size (kbytes): 0
	Average total size (kbytes): 0
	Maximum resident set size (kbytes): 40672212
	Average resident set size (kbytes): 0
	Major (requiring I/O) page faults: 1
	Minor (reclaiming a frame) page faults: 1053881754
	Voluntary context switches: 2002
	Involuntary context switches: 17707
	Swaps: 0
	File system inputs: 168
	File system outputs: 24
	Socket messages sent: 0
	Socket messages received: 0
	Signals delivered: 0
	Page size (bytes): 4096
	Exit status: 0
[INFO] Please allocate lscratch for batch/sinteractive R jobs
	Command being timed: "Rscript tmp_new_p1m.R"
	User time (seconds): 185585.55
	System time (seconds): 788.50
	Percent of CPU this job got: 394%
	Elapsed (wall clock) time (h:mm:ss or m:ss): 13:08:22
	Average shared text size (kbytes): 0
	Average unshared data size (kbytes): 0
	Average stack size (kbytes): 0
	Average total size (kbytes): 0
	Maximum resident set size (kbytes): 61824772
	Average resident set size (kbytes): 0
	Major (requiring I/O) page faults: 101
	Minor (reclaiming a frame) page faults: 634075630
	Voluntary context switches: 430136
	Involuntary context switches: 46859209
	Swaps: 0
	File system inputs: 34904
	File system outputs: 32
	Socket messages sent: 0
	Socket messages received: 0
	Signals delivered: 0
	Page size (bytes): 4096
	Exit status: 0
