[+] Loading gcc  11.3.0  ... 
[+] Loading HDF5  1.12.2 
[+] Loading netcdf  4.9.0 
[-] Unloading gcc  11.3.0  ... 
[+] Loading gcc  11.3.0  ... 
[+] Loading openmpi/4.1.3/gcc-11.3.0  ... 
[+] Loading pandoc  2.18  on cn4249 
[+] Loading TeX 2024 
[+] Loading pcre2  10.40 
[+] Loading libtiff libraries v4.6.0  ... 
[+] Loading R 4.5.0 
[INFO] Please allocate lscratch for batch/sinteractive R jobs
	Command being timed: "Rscript tmp_old_p01m.R"
	User time (seconds): 6011.49
	System time (seconds): 5.37
	Percent of CPU this job got: 99%
	Elapsed (wall clock) time (h:mm:ss or m:ss): 1:40:36
	Average shared text size (kbytes): 0
	Average unshared data size (kbytes): 0
	Average stack size (kbytes): 0
	Average total size (kbytes): 0
	Maximum resident set size (kbytes): 4115948
	Average resident set size (kbytes): 0
	Major (requiring I/O) page faults: 7
	Minor (reclaiming a frame) page faults: 409987
	Voluntary context switches: 422
	Involuntary context switches: 1621
	Swaps: 0
	File system inputs: 1384
	File system outputs: 24
	Socket messages sent: 0
	Socket messages received: 0
	Signals delivered: 0
	Page size (bytes): 4096
	Exit status: 0
[INFO] Please allocate lscratch for batch/sinteractive R jobs
	Command being timed: "Rscript tmp_new_p01m.R"
	User time (seconds): 13678.80
	System time (seconds): 24.80
	Percent of CPU this job got: 767%
	Elapsed (wall clock) time (h:mm:ss or m:ss): 29:45.83
	Average shared text size (kbytes): 0
	Average unshared data size (kbytes): 0
	Average stack size (kbytes): 0
	Average total size (kbytes): 0
	Maximum resident set size (kbytes): 44462892
	Average resident set size (kbytes): 0
	Major (requiring I/O) page faults: 0
	Minor (reclaiming a frame) page faults: 3538147
	Voluntary context switches: 8412
	Involuntary context switches: 3312782
	Swaps: 0
	File system inputs: 0
	File system outputs: 40
	Socket messages sent: 0
	Socket messages received: 0
	Signals delivered: 0
	Page size (bytes): 4096
	Exit status: 0
[INFO] Please allocate lscratch for batch/sinteractive R jobs
	Command being timed: "Rscript tmp_old_p1m.R"
	User time (seconds): 59626.57
	System time (seconds): 115.03
	Percent of CPU this job got: 99%
	Elapsed (wall clock) time (h:mm:ss or m:ss): 16:39:13
	Average shared text size (kbytes): 0
	Average unshared data size (kbytes): 0
	Average stack size (kbytes): 0
	Average total size (kbytes): 0
	Maximum resident set size (kbytes): 40672292
	Average resident set size (kbytes): 0
	Major (requiring I/O) page faults: 4
	Minor (reclaiming a frame) page faults: 15249381
	Voluntary context switches: 671
	Involuntary context switches: 15242
	Swaps: 0
	File system inputs: 1088
	File system outputs: 24
	Socket messages sent: 0
	Socket messages received: 0
	Signals delivered: 0
	Page size (bytes): 4096
	Exit status: 0
[INFO] Please allocate lscratch for batch/sinteractive R jobs
	Command being timed: "Rscript tmp_new_p1m.R"
	User time (seconds): 214283.83
	System time (seconds): 66.36
	Percent of CPU this job got: 789%
	Elapsed (wall clock) time (h:mm:ss or m:ss): 7:32:25
	Average shared text size (kbytes): 0
	Average unshared data size (kbytes): 0
	Average stack size (kbytes): 0
	Average total size (kbytes): 0
	Maximum resident set size (kbytes): 62007284
	Average resident set size (kbytes): 0
	Major (requiring I/O) page faults: 0
	Minor (reclaiming a frame) page faults: 20532804
	Voluntary context switches: 6849
	Involuntary context switches: 53322757
	Swaps: 0
	File system inputs: 0
	File system outputs: 32
	Socket messages sent: 0
	Socket messages received: 0
	Signals delivered: 0
	Page size (bytes): 4096
	Exit status: 0
